d:\gpp\gameplayprogramming\zombiegame\project\_temp\debug\gpp_plugin_d.pch
d:\gpp\gameplayprogramming\zombiegame\project\_temp\debug\vc143.pdb
d:\gpp\gameplayprogramming\zombiegame\project\_temp\debug\vc143.idb
d:\gpp\gameplayprogramming\zombiegame\project\_temp\debug\stdafx.obj
d:\gpp\gameplayprogramming\zombiegame\project\_temp\debug\steeringbehavior.obj
d:\gpp\gameplayprogramming\zombiegame\project\_temp\debug\steeringagent.obj
d:\gpp\gameplayprogramming\zombiegame\project\_temp\debug\ebehaviortree.obj
d:\gpp\gameplayprogramming\zombiegame\project\_temp\debug\plugin.obj
d:\gpp\zombiegame\_demo_debug\gpp_plugin_d.lib
d:\gpp\zombiegame\_demo_debug\gpp_plugin_d.exp
d:\gpp\gameplayprogramming\zombiegame\_demo_debug\gpp_plugin_d.lib
d:\gpp\gameplayprogramming\zombiegame\_demo_debug\gpp_plugin_d.exp
d:\gpp\gameplayprogramming\zombiegame\_demo_debug\gpp_plugin_d.dll
d:\gpp\gameplayprogramming\zombiegame\project\_temp\debug\gpp_plugin_d.ilk
d:\gpp\gameplayprogramming\zombiegame\_demo_debug\gpp_plugin_d.pdb
d:\gpp\gameplayprogramming\zombiegame\project\..\_demo_debug\gpp_plugin_d.pdb
d:\gpp\gameplayprogramming\zombiegame\project\_temp\debug\gpp_exam.tlog\cl.command.1.tlog
d:\gpp\gameplayprogramming\zombiegame\project\_temp\debug\gpp_exam.tlog\cl.read.1.tlog
d:\gpp\gameplayprogramming\zombiegame\project\_temp\debug\gpp_exam.tlog\cl.write.1.tlog
d:\gpp\gameplayprogramming\zombiegame\project\_temp\debug\gpp_exam.tlog\gpp_exam.write.1u.tlog
d:\gpp\gameplayprogramming\zombiegame\project\_temp\debug\gpp_exam.tlog\link.command.1.tlog
d:\gpp\gameplayprogramming\zombiegame\project\_temp\debug\gpp_exam.tlog\link.read.1.tlog
d:\gpp\gameplayprogramming\zombiegame\project\_temp\debug\gpp_exam.tlog\link.write.1.tlog
d:\gpp\gameplayprogramming\zombiegame\project\_temp\debug\gpp_exam.tlog\link.write.2u.tlog
